268.884 0.809322 58.7161 -0.461672 64.8635 -32.6919 3059.03 -0.809322 -58.7161 0.461672 -64.8635 26.5978 -2283.98 
535.769 1.60538 115.436 -0.925411 129.728 -65.3254 5866.86 -1.60538 -115.436 0.925411 -129.728 53.11 -4343.1 
796.981 2.37436 166.484 -1.39223 194.592 -97.7959 7953.23 -2.37436 -166.484 1.39223 -194.592 79.4185 -5755.65 
1053.81 3.11768 213.15 -1.86246 259.455 -130.228 9519.02 -3.11768 -213.15 1.86246 -259.455 105.644 -6705.44 
1182.94 3.74224 257.267 -5.40476 1130.99 -329.621 10800.8 -3.74224 -257.267 5.40476 -1130.99 258.278 -7404.84 
1246.77 4.39182 297.855 -7.44319 2369.15 -447.096 11695.6 -4.39182 -297.855 7.44319 -2369.15 348.846 -7763.95 
1303.59 5.02937 337.37 -9.51507 3644.53 -566.914 12500 -5.02937 -337.37 9.51507 -3644.53 441.315 -8046.73 
1346.27 5.69974 373.348 -9.95812 5001.71 -597.675 13004.9 -5.69974 -373.348 9.95812 -5001.71 466.227 -8076.75 
1387.11 6.40428 407.86 -9.89876 6365.36 -608.195 13628.1 -6.40428 -407.86 9.89876 -6365.36 477.531 -8244.35 
1423.87 7.14326 438.3 -9.73994 7729.09 -623.893 14309.9 -7.14326 -438.3 9.73994 -7729.09 495.325 -8524.38 
1456.25 7.92331 464.376 -9.55764 9092.95 -641.227 15066.3 -7.92331 -464.376 9.55764 -9092.95 515.066 -8936.56 
1485.91 8.75895 487.747 -9.36411 10456.9 -659.568 16085.1 -8.75895 -487.747 9.36411 -10456.9 535.962 -9646.79 
1512.74 9.6414 508.292 -9.15266 11821.1 -677.987 17367.4 -9.6414 -508.292 9.15266 -11821.1 557.172 -10658 
1536.75 10.5569 526.035 -8.93375 13185.3 -696.315 18881.7 -10.5569 -526.035 8.93375 -13185.3 578.389 -11938 
1557.27 11.4683 540.296 -8.71853 14549.7 -714.059 20294.6 -11.4683 -540.296 8.71853 -14549.7 598.974 -13162.7 
1576.35 12.4043 553.128 -8.50077 15914.2 -730.267 21795.3 -12.4043 -553.128 8.50077 -15914.2 618.057 -14494 
1594.22 13.361 564.769 -8.28204 17278.9 -745.356 23320.3 -13.361 -564.769 8.28204 -17278.9 636.033 -15865.3 
1610.09 14.3419 575.406 -8.04952 18427.4 -756.892 24813.3 -14.3419 -575.406 8.04952 -18427.4 650.638 -17217.9 
1622.95 15.3519 585.36 -7.83982 19066.8 -762.789 26216 -15.3519 -585.36 7.83982 -19066.8 659.304 -18489.3 
1634.94 16.3886 594.451 -7.58525 19706.4 -767.578 27536.5 -16.3886 -594.451 7.58525 -19706.4 667.453 -19689.7 
1646.25 17.4541 602.873 -7.35838 20346.4 -769.084 28755 -17.4541 -602.873 7.35838 -20346.4 671.954 -20797.1 
1656.87 18.54 610.6 -7.15901 20986.8 -771.71 29850.4 -18.54 -610.6 7.15901 -20986.8 677.211 -21790.4 
1666.45 19.6176 617.293 -6.97348 21627.4 -775.297 30778.6 -19.6176 -617.293 6.97348 -21627.4 683.247 -22630.3 
1675.57 20.7155 623.527 -6.80485 22268.3 -778.191 31638.2 -20.7155 -623.527 6.80485 -22268.3 688.367 -23407.6 
1683 21.835 629.367 -6.62748 22623.7 -780.144 32428.1 -21.835 -629.367 6.62748 -22623.7 692.661 -24120.5 
1688.42 22.9735 634.822 -6.45501 22623.7 -780.515 33152.5 -22.9735 -634.822 6.45501 -22623.7 695.308 -24772.9 
1693.47 24.1256 639.905 -6.28537 22623.7 -781.175 33815.1 -24.1256 -639.905 6.28537 -22623.7 698.209 -25368.3 
1698.15 25.2883 644.622 -6.13781 22623.6 -781.095 34419.6 -25.2883 -644.622 6.13781 -22623.6 700.076 -25910.6 
1702.52 26.461 649.03 -5.99191 22623.6 -780.979 34961.7 -26.461 -649.03 5.99191 -22623.6 701.886 -26394.5 
1706.59 27.6417 653.147 -5.87617 22623.5 -779.63 35443.5 -27.6417 -653.147 5.87617 -22623.5 702.065 -26821.9 
1710.37 28.8303 656.964 -5.75207 22623.5 -778.57 35865.6 -28.8303 -656.964 5.75207 -22623.5 702.642 -27193.6 
1713.84 30.0235 660.478 -5.61467 22623.5 -778.145 36232.9 -30.0235 -660.478 5.61467 -22623.5 704.032 -27514.6 
1717.04 31.2203 663.72 -5.50656 22623.5 -776.691 36553 -31.2203 -663.72 5.50656 -22623.5 704.004 -27791.9 
1720.01 32.4218 666.745 -5.38587 22623.4 -776.17 36833.5 -32.4218 -666.745 5.38587 -22623.4 705.076 -28032.5 
1722.82 33.6249 669.595 -5.27491 22623.4 -775.338 37077.3 -33.6249 -669.595 5.27491 -22623.4 705.709 -28238.7 
1725.47 34.8325 672.302 -5.18677 22623.4 -773.285 37286.5 -34.8325 -672.302 5.18677 -22623.4 704.82 -28412.2 
1727.98 36.0442 674.862 -5.07965 22623.3 -772.914 37469.1 -36.0442 -674.862 5.07965 -22623.3 705.862 -28560.9 
1730.36 37.2563 677.293 -4.97482 22623.3 -772.667 37631.6 -37.2563 -677.293 4.97482 -22623.3 706.999 -28691.3 
1732.62 38.469 679.607 -4.89187 22623.3 -771.206 37775.5 -38.469 -679.607 4.89187 -22623.3 706.633 -28804.7 
1734.77 39.685 681.812 -4.79308 22623.3 -770.682 37903 -39.685 -681.812 4.79308 -22623.3 707.413 -28903.1 
1736.81 40.9011 683.914 -4.69855 22623.3 -769.874 38016.8 -40.9011 -683.914 4.69855 -22623.3 707.853 -28989.1 
1738.78 42.1186 685.939 -4.61186 22623.2 -768.818 38115.6 -42.1186 -685.939 4.61186 -22623.2 707.941 -29061.2 
1740.68 43.3387 687.9 -4.53205 22623.2 -768.275 38202.3 -43.3387 -687.9 4.53205 -22623.2 708.452 -29122 
1742.52 44.5596 689.797 -4.44754 22623.2 -767.367 38278.8 -44.5596 -689.797 4.44754 -22623.2 708.66 -29173.5 
1744.28 45.7817 691.623 -4.36637 22623.2 -766.494 38346 -45.7817 -691.623 4.36637 -22623.2 708.858 -29216.5 
1745.98 47.0051 693.395 -4.29531 22623.2 -765.374 38402.6 -47.0051 -693.395 4.29531 -22623.2 708.676 -29249.8 
1747.64 48.2306 695.116 -4.22709 22623.1 -764.691 38451 -48.2306 -695.116 4.22709 -22623.1 708.894 -29275.5 
1749.24 49.4546 696.784 -4.15921 22623.1 -763.618 38492.7 -49.4546 -696.784 4.15921 -22623.1 708.717 -29295.2 
1750.78 50.6758 698.397 -4.09446 22623.1 -762.656 38529.7 -50.6758 -698.397 4.09446 -22623.1 708.61 -29310.8 
