268.884 -0.00259576 0.264 0.0119446 
535.769 -0.00518965 0.528 0.0237026 
796.981 -0.00778072 0.792 0.0350745 
1053.81 -0.0103687 1.056 0.0460806 
1182.94 -0.0274771 1.32 0.0569036 
1246.77 -0.0374953 1.584 0.0673517 
1303.59 -0.0476811 1.848 0.0776477 
1346.27 -0.0501032 2.112 0.0876234 
1387.11 -0.0504734 2.376 0.0978389 
1423.87 -0.0509357 2.64 0.10849 
1456.25 -0.0514193 2.904 0.119729 
1485.91 -0.0519128 3.168 0.131779 
1512.74 -0.0524223 3.432 0.14451 
1536.75 -0.0529381 3.696 0.157731 
1557.27 -0.0534498 3.96 0.170909 
1576.35 -0.0539632 4.224 0.18446 
1594.22 -0.0544769 4.488 0.198329 
1610.09 -0.0549539 4.752 0.212547 
1622.95 -0.0552942 5.016 0.227189 
1634.94 -0.0556762 5.28 0.2422 
1646.25 -0.0560324 5.544 0.257665 
1656.87 -0.0563628 5.808 0.27345 
1666.45 -0.0566802 6.072 0.289127 
1675.57 -0.0569818 6.336 0.305121 
1683 -0.0572273 6.6 0.321401 
1688.42 -0.0573883 6.864 0.337927 
1693.47 -0.0575468 7.128 0.354651 
1698.15 -0.0576846 7.392 0.371548 
1702.52 -0.0578209 7.656 0.388592 
1706.59 -0.0579291 7.92 0.405774 
1710.37 -0.058045 8.184 0.423065 
1713.84 -0.0581734 8.448 0.440416 
1717.04 -0.0582744 8.712 0.457837 
1720.01 -0.0583872 8.976 0.475319 
1722.82 -0.0584909 9.24 0.492831 
1725.47 -0.0585733 9.504 0.510426 
1727.98 -0.0586734 9.768 0.528064 
1730.36 -0.0587713 10.032 0.54571 
1732.62 -0.0588489 10.296 0.563381 
1734.77 -0.0589412 10.56 0.581088 
1736.81 -0.0590296 10.824 0.5988 
1738.78 -0.0591107 11.088 0.616539 
1740.68 -0.0591853 11.352 0.634317 
1742.52 -0.0592643 11.616 0.652107 
1744.28 -0.0593402 11.88 0.669914 
1745.98 -0.0594066 12.144 0.68775 
1747.64 -0.0594705 12.408 0.705615 
1749.24 -0.059534 12.672 0.72346 
1750.78 -0.0595945 12.936 0.741266 
