262.903 0.724262 52.736 -0.436937 64.8831 -30.5089 2855.89 -0.724262 -52.736 0.436937 -64.8831 24.7413 -2159.77 
524.222 1.43923 103.889 -0.875374 129.767 -60.9906 5505.13 -1.43923 -103.889 0.875374 -129.767 49.4357 -4133.8 
780.55 2.13183 150.052 -1.31633 194.652 -91.4053 7508.4 -2.13183 -150.052 1.31633 -194.652 74.0298 -5527.71 
1033.22 2.80464 192.564 -1.75948 259.537 -121.744 9067.55 -2.80464 -192.564 1.75948 -259.537 98.5186 -6525.71 
1158.55 3.37029 232.894 -5.04008 1131.12 -311.386 10370.7 -3.37029 -232.894 5.04008 -1131.12 244.857 -7296.55 
1218.4 3.95791 269.503 -6.93448 2369.34 -422.807 11256.9 -3.95791 -269.503 6.93448 -2369.34 331.272 -7699.48 
1271.86 4.54097 305.672 -8.86174 3644.78 -535.656 12111.7 -4.54097 -305.672 8.86174 -3644.78 418.681 -8076.88 
1311.55 5.15915 338.628 -9.29074 5001.44 -567.095 12702.4 -5.15915 -338.628 9.29074 -5001.44 444.458 -8232.5 
1348.54 5.81319 369.286 -9.22026 6365.08 -575.876 13314.5 -5.81319 -369.286 9.22026 -6365.08 454.169 -8439.89 
1383.05 6.5199 397.479 -9.06654 7728.82 -588.821 14129.5 -6.5199 -397.479 9.06654 -7728.82 469.143 -8882.78 
1413.14 7.26938 421.263 -8.88995 9092.68 -603.263 14964.6 -7.26938 -421.263 8.88995 -9092.68 485.916 -9403.91 
1439.88 8.06453 441.708 -8.70389 10456.7 -618.324 15931.5 -8.06453 -441.708 8.70389 -10456.7 503.432 -10101 
1464.13 8.90497 459.672 -8.50727 11820.8 -633.866 17123.2 -8.90497 -459.672 8.50727 -11820.8 521.57 -11055.5 
1486.26 9.78443 475.531 -8.30283 13185.1 -648.854 18490.2 -9.78443 -475.531 8.30283 -13185.1 539.257 -12213.2 
1506.76 10.697 489.779 -8.10494 14549.4 -663.025 19962.5 -10.697 -489.779 8.10494 -14549.4 556.039 -13497.5 
1525.55 11.631 502.321 -7.90622 15914 -676.002 21393 -11.631 -502.321 7.90622 -15914 571.64 -14762.4 
1542.6 12.5758 513.139 -7.72402 17278.6 -686.489 22678.4 -12.5758 -513.139 7.72402 -17278.6 584.532 -15905 
1557.77 13.5538 523.069 -7.53962 18427.2 -695.054 23926 -13.5538 -523.069 7.53962 -18427.2 595.531 -17021.5 
1569.81 14.5651 532.217 -7.34359 19066.6 -700.064 25108.1 -14.5651 -532.217 7.34359 -19066.6 603.128 -18082.9 
1581.12 15.6095 540.626 -7.13699 19706.3 -702.472 26215.1 -15.6095 -540.626 7.13699 -19706.3 608.263 -19078.8 
1591.77 16.6814 548.383 -6.95178 20346.3 -702.74 27242.2 -16.6814 -548.383 6.95178 -20346.3 610.977 -20003.6 
1601.81 17.7812 555.533 -6.76347 20986.6 -704.356 28191.4 -17.7812 -555.533 6.76347 -20986.6 615.078 -20858.4 
1611.31 18.9072 562.149 -6.60362 21627.3 -705.042 29062.9 -18.9072 -562.149 6.60362 -21627.3 617.874 -21642.5 
1620.32 20.0555 568.27 -6.44286 22268.2 -706.153 29859.5 -20.0555 -568.27 6.44286 -22268.2 621.108 -22358.3 
1627.56 21.2247 573.928 -6.2677 22623.6 -707.334 30584.3 -21.2247 -573.928 6.2677 -22623.6 624.6 -23008.4 
1632.75 22.4134 579.15 -6.10215 22623.6 -707.008 31238.9 -22.4134 -579.15 6.10215 -22623.6 626.459 -23594.2 
1637.32 23.5883 583.762 -5.95743 22623.6 -706.165 31780.6 -23.5883 -583.762 5.95743 -22623.6 627.527 -24074.9 
1641.53 24.7698 588.007 -5.81227 22623.5 -705.519 32256.5 -24.7698 -588.007 5.81227 -22623.5 628.797 -24494.8 
1645.44 25.9607 591.955 -5.66577 22623.5 -705.071 32681.5 -25.9607 -591.955 5.66577 -22623.5 630.283 -24867.7 
1649.07 27.1596 595.625 -5.52895 22623.5 -704.561 33060.7 -27.1596 -595.625 5.52895 -22623.5 631.579 -25198.5 
1652.46 28.3666 599.055 -5.40214 22623.4 -703.787 33397.3 -28.3666 -599.055 5.40214 -22623.4 632.479 -25489.8 
1655.63 29.5798 602.271 -5.28581 22623.4 -702.423 33697.1 -29.5798 -602.271 5.28581 -22623.4 632.65 -25747.1 
1658.61 30.7984 605.299 -5.17536 22623.4 -700.889 33964.4 -30.7984 -605.299 5.17536 -22623.4 632.574 -25974.4 
1661.43 32.0232 608.161 -5.06441 22623.3 -699.654 34203.3 -32.0232 -608.161 5.06441 -22623.3 632.804 -26175.6 
1664.09 33.2531 610.871 -4.95821 22623.3 -698.522 34418.1 -33.2531 -610.871 4.95821 -22623.3 633.074 -26354.6 
1666.62 34.4881 613.452 -4.85877 22623.3 -697.483 34611 -34.4881 -613.452 4.85877 -22623.3 633.347 -26513.4 
1669.03 35.7276 615.918 -4.76153 22623.3 -696.493 34785.1 -35.7276 -615.918 4.76153 -22623.3 633.64 -26655 
1671.34 36.9708 618.278 -4.67335 22623.2 -695.391 34943.7 -36.9708 -618.278 4.67335 -22623.2 633.702 -26782.4 
1673.55 38.2169 620.546 -4.59067 22623.2 -694.114 35088 -38.2169 -620.546 4.59067 -22623.2 633.518 -26896.8 
1675.68 39.4659 622.73 -4.5069 22623.2 -693.145 35219.2 -39.4659 -622.73 4.5069 -22623.2 633.654 -26999.2 
1677.72 40.7173 624.836 -4.42242 22623.2 -692.598 35339.3 -40.7173 -624.836 4.42242 -22623.2 634.222 -27091.5 
1679.7 41.97 626.873 -4.34273 22623.2 -691.999 35450.4 -41.97 -626.873 4.34273 -22623.2 634.675 -27175.6 
1681.61 43.2244 628.85 -4.26681 22623.1 -691.385 35552.7 -43.2244 -628.85 4.26681 -22623.1 635.063 -27251.9 
1683.47 44.4804 630.769 -4.19117 22623.1 -690.435 35647.1 -44.4804 -630.769 4.19117 -22623.1 635.111 -27320.9 
1685.26 45.7394 632.629 -4.11901 22623.1 -689.208 35733.6 -45.7394 -632.629 4.11901 -22623.1 634.837 -27382.9 
1687 47.0023 634.437 -4.04908 22623.1 -687.94 35812.5 -47.0023 -634.437 4.04908 -22623.1 634.492 -27438 
1688.69 48.2679 636.197 -3.98216 22623.1 -687.403 35885 -48.2679 -636.197 3.98216 -22623.1 634.839 -27487.2 
1690.34 49.5337 637.915 -3.91803 22623.1 -687.167 35952.5 -49.5337 -637.915 3.91803 -22623.1 635.449 -27532 
1691.95 50.8003 639.596 -3.85263 22623 -686.786 36015.6 -50.8003 -639.596 3.85263 -22623 635.931 -27572.9 
