262.903 -0.0026191 0.264 0.0107012 
524.222 -0.00523687 0.528 0.0212725 
780.55 -0.00785234 0.792 0.0315251 
1033.22 -0.0104658 1.056 0.0414957 
1158.55 -0.0277069 1.32 0.0513221 
1218.4 -0.0378158 1.584 0.0607932 
1271.86 -0.0480927 1.848 0.0702216 
1311.55 -0.0507259 2.112 0.0794253 
1348.54 -0.0511065 2.376 0.0889003 
1383.05 -0.051564 2.64 0.0990875 
1413.14 -0.0520423 2.904 0.109889 
1439.88 -0.0525288 3.168 0.121357 
1464.13 -0.0530244 3.432 0.133488 
1486.26 -0.0535267 3.696 0.146196 
1506.76 -0.0540222 3.96 0.159404 
1525.55 -0.0545179 4.224 0.17294 
1542.6 -0.0549975 4.488 0.186664 
1557.77 -0.0554296 4.752 0.200872 
1569.81 -0.0557571 5.016 0.215542 
1581.12 -0.0560944 5.28 0.230699 
1591.77 -0.0564117 5.544 0.246284 
1601.81 -0.0567318 5.808 0.26228 
1611.31 -0.0570253 6.072 0.278684 
1620.32 -0.0573195 6.336 0.29542 
1627.56 -0.0575629 6.6 0.31243 
1632.75 -0.0577176 6.864 0.329695 
1637.32 -0.0578528 7.128 0.346772 
1641.53 -0.0579884 7.392 0.363946 
1645.44 -0.0581252 7.656 0.381256 
1649.07 -0.058253 7.92 0.398689 
1652.46 -0.0583715 8.184 0.416248 
1655.63 -0.0584802 8.448 0.433905 
1658.61 -0.0585835 8.712 0.451645 
1661.43 -0.0586871 8.976 0.469474 
1664.09 -0.0587864 9.24 0.487382 
1666.62 -0.0588793 9.504 0.505367 
1669.03 -0.0589702 9.768 0.52342 
1671.34 -0.0590527 10.032 0.541532 
1673.55 -0.05913 10.296 0.559691 
1675.68 -0.0592083 10.56 0.577891 
1677.72 -0.0592873 10.824 0.596125 
1679.7 -0.0593618 11.088 0.614381 
1681.61 -0.0594328 11.352 0.632665 
1683.47 -0.0595036 11.616 0.650971 
1685.26 -0.0595711 11.88 0.669326 
1687 -0.0596365 12.144 0.687738 
1688.69 -0.0596991 12.408 0.70619 
1690.34 -0.0597591 12.672 0.724647 
1691.95 -0.0598203 12.936 0.743114 
